Starting net.minecraft.server.Main
[13:10:18] [ServerMain/INFO]: Environment: Environment[sessionHost=https://sessionserver.mojang.com, servicesHost=https://api.minecraftservices.com, name=PROD]
[13:10:19] [ServerMain/INFO]: Loaded 1290 recipes
[13:10:19] [ServerMain/INFO]: Loaded 1399 advancements
[13:10:20] [Server thread/INFO]: Starting minecraft server version 1.21.1
[13:10:20] [Server thread/INFO]: Loading properties
[13:10:20] [Server thread/INFO]: Default game type: SURVIVAL
[13:10:20] [Server thread/INFO]: Generating keypair
[13:10:20] [Server thread/INFO]: Starting Minecraft server on *:25565
[13:10:20] [Server thread/INFO]: Using epoll channel type
[13:10:20] [Server thread/INFO]: Preparing level "world"
[13:10:20] [Server thread/INFO]: Preparing start region for dimension minecraft:overworld
[13:10:21] [Worker-Main-9/INFO]: Preparing spawn area: 0%
[13:10:21] [Server thread/INFO]: Time elapsed: 277 ms
[13:10:21] [Server thread/INFO]: Done (0.928s)! For help, type "help"
[13:10:29] [Server thread/INFO]: Stopping the server
[13:10:29] [Server thread/INFO]: Stopping server
[13:10:29] [Server thread/INFO]: Saving players
[13:10:29] [Server thread/INFO]: Saving worlds
[13:10:29] [Server thread/INFO]: Saving chunks for level 'ServerLevel[world]'/minecraft:overworld
[13:10:29] [Server thread/INFO]: Saving chunks for level 'ServerLevel[world]'/minecraft:the_nether
[13:10:29] [Server thread/INFO]: Saving chunks for level 'ServerLevel[world]'/minecraft:the_end
[13:10:29] [Server thread/INFO]: ThreadedAnvilChunkStorage (world): All chunks are saved
[13:10:29] [Server thread/INFO]: ThreadedAnvilChunkStorage (DIM-1): All chunks are saved
[13:10:29] [Server thread/INFO]: ThreadedAnvilChunkStorage (DIM1): All chunks are saved
[13:10:29] [Server thread/INFO]: ThreadedAnvilChunkStorage: All dimensions are saved
